<?xml version="1.0" encoding="UTF-8"?>
<!-- Generated by org.testng.reporters.JUnitReportReporter -->
<testsuite hostname="EXPLPT27" failures="0" tests="2" name="automation_Test.Automationtest" time="38.895" errors="0" timestamp="2024-10-16T17:50:05 IST" skipped="0">
  <testcase classname="automation_Test.Automationtest" name="build" time="28.246"/>
  <system-out/>
  <testcase classname="automation_Test.Automationtest" name="execute_shell_script" time="10.649"/>
  <system-out/>
</testsuite> <!-- automation_Test.Automationtest -->
